<?xml version="1.0" encoding="UTF-8"?>
<testsuite xmlns:xsi="http://www.w3.org/2001/XMLSchema-instance" xsi:noNamespaceSchemaLocation="https://maven.apache.org/surefire/maven-surefire-plugin/xsd/surefire-test-report-3.0.xsd" version="3.0" name="com.javahongkong.bootcamp.exercise.PrivateUnitTest" time="0.051" tests="4" errors="0" skipped="0" failures="0">
  <properties>
[...]
</properties>
  <testcase name="_08_orderNothing" classname="com.javahongkong.bootcamp.exercise.PrivateUnitTest" time="0.0"/>
  <testcase name="_09_placeOrders" classname="com.javahongkong.bootcamp.exercise.PrivateUnitTest" time="0.0"/>
  <testcase name="_10_validateFurnitureCostAndQuantity" classname="com.javahongkong.bootcamp.exercise.PrivateUnitTest" time="0.0"/>
  <testcase name="_11_validateFurniture" classname="com.javahongkong.bootcamp.exercise.PrivateUnitTest" time="0.0"/>
</testsuite>